[0.596s] Invoking command in '/home/parallels/vision_ws/build/vision_controller': PYTHONPATH=/home/parallels/vision_ws/build/vision_controller/prefix_override:/home/parallels/vision_ws/install/vision_controller/lib/python3.10/site-packages:${PYTHONPATH} /usr/bin/python3 setup.py develop --editable --build-directory /home/parallels/vision_ws/build/vision_controller/build --no-deps install_data
[0.773s] running develop
[0.873s] running egg_info
[0.873s] creating vision_controller.egg-info
[0.874s] writing vision_controller.egg-info/PKG-INFO
[0.874s] writing dependency_links to vision_controller.egg-info/dependency_links.txt
[0.875s] writing entry points to vision_controller.egg-info/entry_points.txt
[0.875s] writing requirements to vision_controller.egg-info/requires.txt
[0.875s] writing top-level names to vision_controller.egg-info/top_level.txt
[0.876s] writing manifest file 'vision_controller.egg-info/SOURCES.txt'
[0.877s] reading manifest file 'vision_controller.egg-info/SOURCES.txt'
[0.878s] writing manifest file 'vision_controller.egg-info/SOURCES.txt'
[0.879s] running build_ext
[0.879s] Creating /home/parallels/vision_ws/install/vision_controller/lib/python3.10/site-packages/vision-controller.egg-link (link to .)
[0.880s] Installing get_image_from_oakd script to /home/parallels/vision_ws/install/vision_controller/lib/vision_controller
[0.881s] 
[0.881s] Installed /home/parallels/vision_ws/build/vision_controller
[0.881s] running install_data
[0.881s] creating /home/parallels/vision_ws/install/vision_controller/share/ament_index
[0.882s] creating /home/parallels/vision_ws/install/vision_controller/share/ament_index/resource_index
[0.882s] creating /home/parallels/vision_ws/install/vision_controller/share/ament_index/resource_index/packages
[0.882s] copying resource/vision_controller -> /home/parallels/vision_ws/install/vision_controller/share/ament_index/resource_index/packages
[0.882s] copying package.xml -> /home/parallels/vision_ws/install/vision_controller/share/vision_controller
[0.901s] Invoked command in '/home/parallels/vision_ws/build/vision_controller' returned '0': PYTHONPATH=/home/parallels/vision_ws/build/vision_controller/prefix_override:/home/parallels/vision_ws/install/vision_controller/lib/python3.10/site-packages:${PYTHONPATH} /usr/bin/python3 setup.py develop --editable --build-directory /home/parallels/vision_ws/build/vision_controller/build --no-deps install_data
