[0.601s] DEBUG:colcon:Command line arguments: ['/usr/bin/colcon', 'build', '--symlink-install']
[0.601s] DEBUG:colcon:Parsed command line arguments: Namespace(log_base=None, log_level=None, verb_name='build', build_base='build', install_base='install', merge_install=False, symlink_install=True, test_result_base=None, continue_on_error=False, executor='parallel', parallel_workers=2, event_handlers=None, ignore_user_meta=False, metas=['./colcon.meta'], base_paths=['.'], packages_ignore=None, packages_ignore_regex=None, paths=None, packages_up_to=None, packages_up_to_regex=None, packages_above=None, packages_above_and_dependencies=None, packages_above_depth=None, packages_select_by_dep=None, packages_skip_by_dep=None, packages_skip_up_to=None, packages_select_build_failed=False, packages_skip_build_finished=False, packages_select_test_failures=False, packages_skip_test_passed=False, packages_select=None, packages_skip=None, packages_select_regex=None, packages_skip_regex=None, packages_start=None, packages_end=None, allow_overriding=[], cmake_args=None, cmake_target=None, cmake_target_skip_unavailable=False, cmake_clean_cache=False, cmake_clean_first=False, cmake_force_configure=False, ament_cmake_args=None, catkin_cmake_args=None, catkin_skip_building_tests=False, verb_parser=<colcon_defaults.argument_parser.defaults.DefaultArgumentsDecorator object at 0xffff7e932c20>, verb_extension=<colcon_core.verb.build.BuildVerb object at 0xffff7e932380>, main=<bound method BuildVerb.main of <colcon_core.verb.build.BuildVerb object at 0xffff7e932380>>)
[0.645s] Level 1:colcon.colcon_core.package_discovery:discover_packages(colcon_meta) check parameters
[0.645s] Level 1:colcon.colcon_core.package_discovery:discover_packages(recursive) check parameters
[0.645s] Level 1:colcon.colcon_core.package_discovery:discover_packages(ignore) check parameters
[0.645s] Level 1:colcon.colcon_core.package_discovery:discover_packages(path) check parameters
[0.645s] Level 1:colcon.colcon_core.package_discovery:discover_packages(colcon_meta) discover
[0.645s] Level 1:colcon.colcon_core.package_discovery:discover_packages(recursive) discover
[0.645s] INFO:colcon.colcon_core.package_discovery:Crawling recursively for packages in '/home/parallels/vision_ws'
[0.645s] Level 1:colcon.colcon_core.package_identification:_identify(.) by extensions ['ignore', 'ignore_ament_install']
[0.645s] Level 1:colcon.colcon_core.package_identification:_identify(.) by extension 'ignore'
[0.645s] Level 1:colcon.colcon_core.package_identification:_identify(.) by extension 'ignore_ament_install'
[0.645s] Level 1:colcon.colcon_core.package_identification:_identify(.) by extensions ['colcon_pkg']
[0.645s] Level 1:colcon.colcon_core.package_identification:_identify(.) by extension 'colcon_pkg'
[0.645s] Level 1:colcon.colcon_core.package_identification:_identify(.) by extensions ['colcon_meta']
[0.645s] Level 1:colcon.colcon_core.package_identification:_identify(.) by extension 'colcon_meta'
[0.645s] Level 1:colcon.colcon_core.package_identification:_identify(.) by extensions ['ros']
[0.646s] Level 1:colcon.colcon_core.package_identification:_identify(.) by extension 'ros'
[0.655s] Level 1:colcon.colcon_core.package_identification:_identify(.) by extensions ['cmake', 'python']
[0.655s] Level 1:colcon.colcon_core.package_identification:_identify(.) by extension 'cmake'
[0.655s] Level 1:colcon.colcon_core.package_identification:_identify(.) by extension 'python'
[0.655s] Level 1:colcon.colcon_core.package_identification:_identify(.) by extensions ['python_setup_py']
[0.655s] Level 1:colcon.colcon_core.package_identification:_identify(.) by extension 'python_setup_py'
[0.655s] Level 1:colcon.colcon_core.package_identification:_identify(build) by extensions ['ignore', 'ignore_ament_install']
[0.655s] Level 1:colcon.colcon_core.package_identification:_identify(build) by extension 'ignore'
[0.656s] Level 1:colcon.colcon_core.package_identification:_identify(build) ignored
[0.656s] Level 1:colcon.colcon_core.package_identification:_identify(install) by extensions ['ignore', 'ignore_ament_install']
[0.656s] Level 1:colcon.colcon_core.package_identification:_identify(install) by extension 'ignore'
[0.656s] Level 1:colcon.colcon_core.package_identification:_identify(install) ignored
[0.656s] Level 1:colcon.colcon_core.package_identification:_identify(log) by extensions ['ignore', 'ignore_ament_install']
[0.656s] Level 1:colcon.colcon_core.package_identification:_identify(log) by extension 'ignore'
[0.656s] Level 1:colcon.colcon_core.package_identification:_identify(log) ignored
[0.656s] Level 1:colcon.colcon_core.package_identification:_identify(src) by extensions ['ignore', 'ignore_ament_install']
[0.656s] Level 1:colcon.colcon_core.package_identification:_identify(src) by extension 'ignore'
[0.656s] Level 1:colcon.colcon_core.package_identification:_identify(src) by extension 'ignore_ament_install'
[0.656s] Level 1:colcon.colcon_core.package_identification:_identify(src) by extensions ['colcon_pkg']
[0.656s] Level 1:colcon.colcon_core.package_identification:_identify(src) by extension 'colcon_pkg'
[0.656s] Level 1:colcon.colcon_core.package_identification:_identify(src) by extensions ['colcon_meta']
[0.656s] Level 1:colcon.colcon_core.package_identification:_identify(src) by extension 'colcon_meta'
[0.656s] Level 1:colcon.colcon_core.package_identification:_identify(src) by extensions ['ros']
[0.656s] Level 1:colcon.colcon_core.package_identification:_identify(src) by extension 'ros'
[0.656s] Level 1:colcon.colcon_core.package_identification:_identify(src) by extensions ['cmake', 'python']
[0.656s] Level 1:colcon.colcon_core.package_identification:_identify(src) by extension 'cmake'
[0.656s] Level 1:colcon.colcon_core.package_identification:_identify(src) by extension 'python'
[0.656s] Level 1:colcon.colcon_core.package_identification:_identify(src) by extensions ['python_setup_py']
[0.656s] Level 1:colcon.colcon_core.package_identification:_identify(src) by extension 'python_setup_py'
[0.656s] Level 1:colcon.colcon_core.package_identification:_identify(src/vision_controller) by extensions ['ignore', 'ignore_ament_install']
[0.656s] Level 1:colcon.colcon_core.package_identification:_identify(src/vision_controller) by extension 'ignore'
[0.656s] Level 1:colcon.colcon_core.package_identification:_identify(src/vision_controller) by extension 'ignore_ament_install'
[0.656s] Level 1:colcon.colcon_core.package_identification:_identify(src/vision_controller) by extensions ['colcon_pkg']
[0.656s] Level 1:colcon.colcon_core.package_identification:_identify(src/vision_controller) by extension 'colcon_pkg'
[0.656s] Level 1:colcon.colcon_core.package_identification:_identify(src/vision_controller) by extensions ['colcon_meta']
[0.657s] Level 1:colcon.colcon_core.package_identification:_identify(src/vision_controller) by extension 'colcon_meta'
[0.657s] Level 1:colcon.colcon_core.package_identification:_identify(src/vision_controller) by extensions ['ros']
[0.657s] Level 1:colcon.colcon_core.package_identification:_identify(src/vision_controller) by extension 'ros'
[0.660s] DEBUG:colcon.colcon_core.package_identification:Package 'src/vision_controller' with type 'ros.ament_python' and name 'vision_controller'
[0.660s] Level 1:colcon.colcon_core.package_discovery:discover_packages(recursive) using defaults
[0.660s] Level 1:colcon.colcon_core.package_discovery:discover_packages(ignore) discover
[0.660s] Level 1:colcon.colcon_core.package_discovery:discover_packages(ignore) using defaults
[0.660s] Level 1:colcon.colcon_core.package_discovery:discover_packages(path) discover
[0.660s] Level 1:colcon.colcon_core.package_discovery:discover_packages(path) using defaults
[0.719s] Level 1:colcon.colcon_core.package_discovery:discover_packages(prefix_path) check parameters
[0.719s] Level 1:colcon.colcon_core.package_discovery:discover_packages(prefix_path) discover
[0.736s] DEBUG:colcon.colcon_installed_package_information.package_discovery:Found 1 installed packages in /home/parallels/ros2_ws/install
[0.752s] DEBUG:colcon.colcon_installed_package_information.package_discovery:Found 379 installed packages in /opt/ros/humble
[0.753s] Level 1:colcon.colcon_core.package_discovery:discover_packages(prefix_path) using defaults
[0.877s] Level 5:colcon.colcon_core.verb:set package 'vision_controller' build argument 'cmake_args' from command line to 'None'
[0.877s] Level 5:colcon.colcon_core.verb:set package 'vision_controller' build argument 'cmake_target' from command line to 'None'
[0.877s] Level 5:colcon.colcon_core.verb:set package 'vision_controller' build argument 'cmake_target_skip_unavailable' from command line to 'False'
[0.877s] Level 5:colcon.colcon_core.verb:set package 'vision_controller' build argument 'cmake_clean_cache' from command line to 'False'
[0.877s] Level 5:colcon.colcon_core.verb:set package 'vision_controller' build argument 'cmake_clean_first' from command line to 'False'
[0.877s] Level 5:colcon.colcon_core.verb:set package 'vision_controller' build argument 'cmake_force_configure' from command line to 'False'
[0.877s] Level 5:colcon.colcon_core.verb:set package 'vision_controller' build argument 'ament_cmake_args' from command line to 'None'
[0.877s] Level 5:colcon.colcon_core.verb:set package 'vision_controller' build argument 'catkin_cmake_args' from command line to 'None'
[0.877s] Level 5:colcon.colcon_core.verb:set package 'vision_controller' build argument 'catkin_skip_building_tests' from command line to 'False'
[0.877s] DEBUG:colcon.colcon_core.verb:Building package 'vision_controller' with the following arguments: {'ament_cmake_args': None, 'build_base': '/home/parallels/vision_ws/build/vision_controller', 'catkin_cmake_args': None, 'catkin_skip_building_tests': False, 'cmake_args': None, 'cmake_clean_cache': False, 'cmake_clean_first': False, 'cmake_force_configure': False, 'cmake_target': None, 'cmake_target_skip_unavailable': False, 'install_base': '/home/parallels/vision_ws/install/vision_controller', 'merge_install': False, 'path': '/home/parallels/vision_ws/src/vision_controller', 'symlink_install': True, 'test_result_base': None}
[0.885s] INFO:colcon.colcon_core.executor:Executing jobs using 'parallel' executor
[0.893s] DEBUG:colcon.colcon_parallel_executor.executor.parallel:run_until_complete
[0.894s] INFO:colcon.colcon_ros.task.ament_python.build:Building ROS package in '/home/parallels/vision_ws/src/vision_controller' with build type 'ament_python'
[0.894s] Level 1:colcon.colcon_core.shell:create_environment_hook('vision_controller', 'ament_prefix_path')
[0.903s] INFO:colcon.colcon_core.plugin_system:Skipping extension 'colcon_core.shell.bat': Not used on non-Windows systems
[0.903s] INFO:colcon.colcon_core.shell:Creating environment hook '/home/parallels/vision_ws/install/vision_controller/share/vision_controller/hook/ament_prefix_path.ps1'
[0.905s] INFO:colcon.colcon_core.shell:Creating environment descriptor '/home/parallels/vision_ws/install/vision_controller/share/vision_controller/hook/ament_prefix_path.dsv'
[0.905s] INFO:colcon.colcon_core.shell:Creating environment hook '/home/parallels/vision_ws/install/vision_controller/share/vision_controller/hook/ament_prefix_path.sh'
[0.914s] INFO:colcon.colcon_core.shell:Skip shell extension 'powershell' for command environment: Not usable outside of PowerShell
[0.914s] DEBUG:colcon.colcon_core.shell:Skip shell extension 'dsv' for command environment
[1.123s] INFO:colcon.colcon_core.task.python.build:Building Python package in '/home/parallels/vision_ws/src/vision_controller'
[1.132s] INFO:colcon.colcon_core.shell:Skip shell extension 'powershell' for command environment: Not usable outside of PowerShell
[1.132s] DEBUG:colcon.colcon_core.shell:Skip shell extension 'dsv' for command environment
[1.490s] DEBUG:colcon.colcon_core.event_handler.log_command:Invoking command in '/home/parallels/vision_ws/build/vision_controller': PYTHONPATH=/home/parallels/vision_ws/build/vision_controller/prefix_override:/home/parallels/vision_ws/install/vision_controller/lib/python3.10/site-packages:${PYTHONPATH} /usr/bin/python3 setup.py develop --editable --build-directory /home/parallels/vision_ws/build/vision_controller/build --no-deps install_data
[1.795s] Level 1:colcon.colcon_core.shell:create_environment_hook('vision_controller', 'pythonpath_develop')
[1.795s] DEBUG:colcon.colcon_core.event_handler.log_command:Invoked command in '/home/parallels/vision_ws/build/vision_controller' returned '0': PYTHONPATH=/home/parallels/vision_ws/build/vision_controller/prefix_override:/home/parallels/vision_ws/install/vision_controller/lib/python3.10/site-packages:${PYTHONPATH} /usr/bin/python3 setup.py develop --editable --build-directory /home/parallels/vision_ws/build/vision_controller/build --no-deps install_data
[1.804s] INFO:colcon.colcon_core.shell:Creating environment hook '/home/parallels/vision_ws/build/vision_controller/share/vision_controller/hook/pythonpath_develop.ps1'
[1.804s] INFO:colcon.colcon_core.shell:Creating environment descriptor '/home/parallels/vision_ws/build/vision_controller/share/vision_controller/hook/pythonpath_develop.dsv'
[1.805s] INFO:colcon.colcon_core.shell:Creating environment hook '/home/parallels/vision_ws/build/vision_controller/share/vision_controller/hook/pythonpath_develop.sh'
[1.819s] Level 1:colcon.colcon_core.environment:checking '/home/parallels/vision_ws/install/vision_controller' for CMake module files
[1.819s] Level 1:colcon.colcon_core.environment:checking '/home/parallels/vision_ws/install/vision_controller' for CMake config files
[1.819s] Level 1:colcon.colcon_core.environment:checking '/home/parallels/vision_ws/install/vision_controller/lib'
[1.820s] Level 1:colcon.colcon_core.environment:checking '/home/parallels/vision_ws/install/vision_controller/bin'
[1.820s] Level 1:colcon.colcon_core.environment:checking '/home/parallels/vision_ws/install/vision_controller/lib/pkgconfig/vision_controller.pc'
[1.820s] Level 1:colcon.colcon_core.environment:checking '/home/parallels/vision_ws/install/vision_controller/lib/python3.10/site-packages'
[1.820s] Level 1:colcon.colcon_core.shell:create_environment_hook('vision_controller', 'pythonpath')
[1.829s] INFO:colcon.colcon_core.shell:Creating environment hook '/home/parallels/vision_ws/install/vision_controller/share/vision_controller/hook/pythonpath.ps1'
[1.829s] INFO:colcon.colcon_core.shell:Creating environment descriptor '/home/parallels/vision_ws/install/vision_controller/share/vision_controller/hook/pythonpath.dsv'
[1.829s] INFO:colcon.colcon_core.shell:Creating environment hook '/home/parallels/vision_ws/install/vision_controller/share/vision_controller/hook/pythonpath.sh'
[1.830s] Level 1:colcon.colcon_core.environment:checking '/home/parallels/vision_ws/install/vision_controller/bin'
[1.830s] Level 1:colcon.colcon_core.environment:create_environment_scripts_only(vision_controller)
[1.838s] INFO:colcon.colcon_core.shell:Creating package script '/home/parallels/vision_ws/install/vision_controller/share/vision_controller/package.ps1'
[1.839s] INFO:colcon.colcon_core.shell:Creating package descriptor '/home/parallels/vision_ws/install/vision_controller/share/vision_controller/package.dsv'
[1.840s] INFO:colcon.colcon_core.shell:Creating package script '/home/parallels/vision_ws/install/vision_controller/share/vision_controller/package.sh'
[1.841s] INFO:colcon.colcon_core.shell:Creating package script '/home/parallels/vision_ws/install/vision_controller/share/vision_controller/package.bash'
[1.842s] INFO:colcon.colcon_core.shell:Creating package script '/home/parallels/vision_ws/install/vision_controller/share/vision_controller/package.zsh'
[1.842s] Level 1:colcon.colcon_core.environment:create_file_with_runtime_dependencies(/home/parallels/vision_ws/install/vision_controller/share/colcon-core/packages/vision_controller)
[1.843s] DEBUG:colcon.colcon_parallel_executor.executor.parallel:closing loop
[1.843s] DEBUG:colcon.colcon_parallel_executor.executor.parallel:loop closed
[1.843s] DEBUG:colcon.colcon_parallel_executor.executor.parallel:run_until_complete finished with '0'
[1.843s] DEBUG:colcon.colcon_core.event_reactor:joining thread
[1.855s] INFO:colcon.colcon_core.plugin_system:Skipping extension 'colcon_notification.desktop_notification.terminal_notifier': Not used on non-Darwin systems
[1.855s] INFO:colcon.colcon_core.plugin_system:Skipping extension 'colcon_notification.desktop_notification.win32': Not used on non-Windows systems
[1.855s] INFO:colcon.colcon_notification.desktop_notification:Sending desktop notification using 'notify2'
[1.899s] DEBUG:colcon.colcon_core.event_reactor:joined thread
[1.912s] INFO:colcon.colcon_core.shell:Creating prefix script '/home/parallels/vision_ws/install/local_setup.ps1'
[1.914s] INFO:colcon.colcon_core.shell:Creating prefix util module '/home/parallels/vision_ws/install/_local_setup_util_ps1.py'
[1.915s] INFO:colcon.colcon_core.shell:Creating prefix chain script '/home/parallels/vision_ws/install/setup.ps1'
[1.924s] INFO:colcon.colcon_core.shell:Creating prefix script '/home/parallels/vision_ws/install/local_setup.sh'
[1.925s] INFO:colcon.colcon_core.shell:Creating prefix util module '/home/parallels/vision_ws/install/_local_setup_util_sh.py'
[1.926s] INFO:colcon.colcon_core.shell:Creating prefix chain script '/home/parallels/vision_ws/install/setup.sh'
[1.936s] INFO:colcon.colcon_core.shell:Creating prefix script '/home/parallels/vision_ws/install/local_setup.bash'
[1.937s] INFO:colcon.colcon_core.shell:Creating prefix chain script '/home/parallels/vision_ws/install/setup.bash'
[1.946s] INFO:colcon.colcon_core.shell:Creating prefix script '/home/parallels/vision_ws/install/local_setup.zsh'
[1.947s] INFO:colcon.colcon_core.shell:Creating prefix chain script '/home/parallels/vision_ws/install/setup.zsh'
